<?xml version="1.0" encoding="UTF-8"?>
<testng-results skipped="0" failed="0" total="1" passed="1">
  <reporter-output>
  </reporter-output>
  <suite name="Default suite" duration-ms="34585" started-at="2015-03-02T05:40:32Z" finished-at="2015-03-02T05:41:07Z">
    <groups>
    </groups>
    <test name="Default test" duration-ms="34585" started-at="2015-03-02T05:40:32Z" finished-at="2015-03-02T05:41:07Z">
      <class name="com.qtpselenium.AppTest">
        <test-method status="PASS" signature="testNGTest()[pri:0, instance:com.qtpselenium.AppTest@5a01ccaa]" name="testNGTest" duration-ms="34565" started-at="2015-03-01T21:40:32Z" finished-at="2015-03-01T21:41:07Z">
          <reporter-output>
          </reporter-output>
        </test-method> <!-- testNGTest -->
      </class> <!-- com.qtpselenium.AppTest -->
    </test> <!-- Default test -->
  </suite> <!-- Default suite -->
</testng-results>
